<?xml version="1.0" encoding="UTF-8"?>
<!-- Generated by org.testng.reporters.JUnitReportReporter -->
<testsuite hostname="DESKTOP-J7V7KI8" name="testngDataProvider.ParallelExecution" tests="3" failures="0" timestamp="30 Mar 2022 04:29:17 GMT" time="0.000" errors="0">
  <testcase name="tc2" time="0.000" classname="testngDataProvider.ParallelExecution"/>
  <testcase name="tc3" time="0.000" classname="testngDataProvider.ParallelExecution"/>
  <testcase name="tc1" time="0.000" classname="testngDataProvider.ParallelExecution"/>
</testsuite> <!-- testngDataProvider.ParallelExecution -->
