<?xml version="1.0" encoding="UTF-8"?>
<!-- Generated by org.testng.reporters.JUnitReportReporter -->
<testsuite hostname="DESKTOP-J7V7KI8" name="testngDataProvider.ParallelExecution1" tests="3" failures="0" timestamp="30 Mar 2022 04:29:17 GMT" time="0.025" errors="0">
  <testcase name="tc2000" time="0.000" classname="testngDataProvider.ParallelExecution1"/>
  <testcase name="tc3000" time="0.009" classname="testngDataProvider.ParallelExecution1"/>
  <testcase name="tc1000" time="0.016" classname="testngDataProvider.ParallelExecution1"/>
</testsuite> <!-- testngDataProvider.ParallelExecution1 -->
