<?xml version="1.0" encoding="UTF-8"?>
<!-- Generated by org.testng.reporters.JUnitReportReporter -->
<testsuite hostname="DESKTOP-J7V7KI8" name="testngDataProvider.Practice" tests="4" failures="0" timestamp="30 Mar 2022 03:53:59 GMT" time="48.897" errors="0">
  <testcase name="tc" time="11.929" classname="testngDataProvider.Practice"/>
  <testcase name="tc" time="11.914" classname="testngDataProvider.Practice"/>
  <testcase name="tc" time="13.014" classname="testngDataProvider.Practice"/>
  <testcase name="tc" time="12.040" classname="testngDataProvider.Practice"/>
</testsuite> <!-- testngDataProvider.Practice -->
