<?xml version="1.0" encoding="UTF-8"?>
<!-- Generated by org.testng.reporters.JUnitReportReporter -->
<testsuite hostname="DESKTOP-J7V7KI8" name="testngDataProvider.ParallelExecution2" tests="3" failures="0" timestamp="30 Mar 2022 04:29:17 GMT" time="0.004" errors="0">
  <testcase name="tc200" time="0.001" classname="testngDataProvider.ParallelExecution2"/>
  <testcase name="tc100" time="0.000" classname="testngDataProvider.ParallelExecution2"/>
  <testcase name="tc300" time="0.003" classname="testngDataProvider.ParallelExecution2"/>
</testsuite> <!-- testngDataProvider.ParallelExecution2 -->
