<?xml version="1.0" encoding="UTF-8"?>
<!-- Generated by org.testng.reporters.JUnitReportReporter -->
<testsuite hostname="DESKTOP-J7V7KI8" name="suiteLevelBrowser.SampleOptional" tests="1" failures="0" timestamp="30 Mar 2022 18:32:19 GMT" time="9.738" errors="0">
  <testcase name="tc1" time="9.738" classname="suiteLevelBrowser.SampleOptional"/>
</testsuite> <!-- suiteLevelBrowser.SampleOptional -->
