<?xml version="1.0" encoding="UTF-8"?>
<!-- Generated by org.testng.reporters.JUnitReportReporter -->
<testsuite hostname="DESKTOP-J7V7KI8" name="suiteLevelBrowser.Test1" tests="1" failures="0" timestamp="30 Mar 2022 18:16:35 GMT" time="7.130" errors="0">
  <testcase name="tc1" time="7.130" classname="suiteLevelBrowser.Test1"/>
</testsuite> <!-- suiteLevelBrowser.Test1 -->
