<?xml version="1.0" encoding="UTF-8"?>
<!-- Generated by org.testng.reporters.JUnitReportReporter -->
<testsuite hostname="DESKTOP-J7V7KI8" name="org.com.Test2" tests="3" failures="0" timestamp="30 Mar 2022 18:07:39 GMT" time="0.003" errors="0">
  <testcase name="tc3000" time="0.001" classname="org.com.Test2"/>
  <testcase name="tc1000" time="0.001" classname="org.com.Test2"/>
  <testcase name="tc2000" time="0.001" classname="org.com.Test2"/>
</testsuite> <!-- org.com.Test2 -->
