<?xml version="1.0" encoding="UTF-8"?>
<!-- Generated by org.testng.reporters.JUnitReportReporter -->
<testsuite hostname="DESKTOP-J7V7KI8" name="org.com.Test0" tests="3" failures="0" timestamp="30 Mar 2022 18:07:39 GMT" time="0.011" errors="0">
  <testcase name="tc1" time="0.010" classname="org.com.Test0"/>
  <testcase name="tc2" time="0.000" classname="org.com.Test0"/>
  <testcase name="tc3" time="0.001" classname="org.com.Test0"/>
</testsuite> <!-- org.com.Test0 -->
