<?xml version="1.0" encoding="UTF-8"?>
<!-- Generated by org.testng.reporters.JUnitReportReporter -->
<testsuite hostname="DESKTOP-J7V7KI8" name="org.com.Test1" tests="3" failures="0" timestamp="30 Mar 2022 18:07:38 GMT" time="0.007" errors="0">
  <testcase name="tc300" time="0.002" classname="org.com.Test1"/>
  <testcase name="tc100" time="0.004" classname="org.com.Test1"/>
  <testcase name="tc200" time="0.001" classname="org.com.Test1"/>
</testsuite> <!-- org.com.Test1 -->
